<?xml version="1.0" encoding="UTF-8"?>
<!-- Generated by org.testng.reporters.JUnitReportReporter -->
<testsuite hostname="TPLEAH001" failures="0" tests="1" name="Swag_Labs.Swag_Labs_Main" time="1.126" errors="0" timestamp="2023-02-21T20:32:55 EST" skipped="0">
  <testcase classname="Swag_Labs.Swag_Labs_Main" name="SignIn" time="1.126"/>
  <system-out/>
</testsuite> <!-- Swag_Labs.Swag_Labs_Main -->
