<?xml version="1.0" encoding="UTF-8"?>
<!-- Generated by org.testng.reporters.JUnitReportReporter -->
<testsuite hostname="TPLEAH001" failures="0" tests="2" name="Swag_Labs.Multiple_TestCase" time="16.827" errors="0" timestamp="2023-02-23T16:24:43 EST" skipped="0">
  <testcase classname="Swag_Labs.Multiple_TestCase" name="Test1" time="8.249"/>
  <system-out/>
  <testcase classname="Swag_Labs.Multiple_TestCase" name="Test3" time="8.578"/>
  <system-out/>
</testsuite> <!-- Swag_Labs.Multiple_TestCase -->
